# JRE version: OpenJDK Runtime Environment (17.0.6) (build 17.0.6+0-b2043.56-9586694)
# Java VM: OpenJDK 64-Bit Server VM (17.0.6+0-b2043.56-9586694, mixed mode, tiered, compressed oops, compressed class ptrs, g1 gc, windows-amd64)
GC Precious Log:
 CPUs: 8 total, 8 available
 Memory: 20276M
 Large Page Support: Disabled
 NUMA Support: Disabled
 Compressed Oops: Enabled (Zero based)
 Heap Region Size: 4M
 Heap Min Capacity: 8M
 Heap Initial Capacity: 320M
 Heap Max Capacity: 4608M
 Pre-touch: Disabled
 Parallel Workers: 8
 Concurrent Workers: 2
 Concurrent Refinement Workers: 8
 Periodic GC: Disabled
Heap:
 garbage-first heap   total 135168K, used 92362K [0x00000006e0000000, 0x0000000800000000)
  region size 4096K, 9 young (36864K), 2 survivors (8192K)
 Metaspace       used 71873K, committed 72384K, reserved 1114112K
  class space    used 9489K, committed 9728K, reserved 1048576K
GC Heap History (20 events):
Event: 4.502 GC heap before
{Heap before GC invocations=10 (full 0):
 garbage-first heap   total 110592K, used 72906K [0x00000006e0000000, 0x0000000800000000)
  region size 4096K, 14 young (57344K), 2 survivors (8192K)
 Metaspace       used 46628K, committed 47104K, reserved 1097728K
  class space    used 6117K, committed 6336K, reserved 1048576K
}
Event: 4.508 GC heap after
{Heap after GC invocations=11 (full 0):
 garbage-first heap   total 110592K, used 31871K [0x00000006e0000000, 0x0000000800000000)
  region size 4096K, 2 young (8192K), 2 survivors (8192K)
 Metaspace       used 46628K, committed 47104K, reserved 1097728K
  class space    used 6117K, committed 6336K, reserved 1048576K
}
Event: 5.466 GC heap before
{Heap before GC invocations=11 (full 0):
 garbage-first heap   total 110592K, used 81023K [0x00000006e0000000, 0x0000000800000000)
  region size 4096K, 14 young (57344K), 2 survivors (8192K)
 Metaspace       used 51524K, committed 51968K, reserved 1097728K
  class space    used 6825K, committed 6976K, reserved 1048576K
}
Event: 5.474 GC heap after
{Heap after GC invocations=12 (full 0):
 garbage-first heap   total 110592K, used 35490K [0x00000006e0000000, 0x0000000800000000)
  region size 4096K, 2 young (8192K), 2 survivors (8192K)
 Metaspace       used 51524K, committed 51968K, reserved 1097728K
  class space    used 6825K, committed 6976K, reserved 1048576K
}
Event: 6.033 GC heap before
{Heap before GC invocations=12 (full 0):
 garbage-first heap   total 110592K, used 76450K [0x00000006e0000000, 0x0000000800000000)
  region size 4096K, 12 young (49152K), 2 survivors (8192K)
 Metaspace       used 53269K, committed 53760K, reserved 1097728K
  class space    used 7020K, committed 7232K, reserved 1048576K
}
Event: 6.039 GC heap after
{Heap after GC invocations=13 (full 0):
 garbage-first heap   total 110592K, used 51516K [0x00000006e0000000, 0x0000000800000000)
  region size 4096K, 2 young (8192K), 2 survivors (8192K)
 Metaspace       used 53269K, committed 53760K, reserved 1097728K
  class space    used 7020K, committed 7232K, reserved 1048576K
}
Event: 6.466 GC heap before
{Heap before GC invocations=13 (full 0):
 garbage-first heap   total 110592K, used 76092K [0x00000006e0000000, 0x0000000800000000)
  region size 4096K, 8 young (32768K), 2 survivors (8192K)
 Metaspace       used 56859K, committed 57280K, reserved 1105920K
  class space    used 7488K, committed 7680K, reserved 1048576K
}
Event: 6.470 GC heap after
{Heap after GC invocations=14 (full 0):
 garbage-first heap   total 110592K, used 53019K [0x00000006e0000000, 0x0000000800000000)
  region size 4096K, 1 young (4096K), 1 survivors (4096K)
 Metaspace       used 56859K, committed 57280K, reserved 1105920K
  class space    used 7488K, committed 7680K, reserved 1048576K
}
Event: 6.862 GC heap before
{Heap before GC invocations=14 (full 0):
 garbage-first heap   total 110592K, used 69403K [0x00000006e0000000, 0x0000000800000000)
  region size 4096K, 6 young (24576K), 1 survivors (4096K)
 Metaspace       used 59959K, committed 60416K, reserved 1105920K
  class space    used 7927K, committed 8128K, reserved 1048576K
}
Event: 6.865 GC heap after
{Heap after GC invocations=15 (full 0):
 garbage-first heap   total 110592K, used 53331K [0x00000006e0000000, 0x0000000800000000)
  region size 4096K, 1 young (4096K), 1 survivors (4096K)
 Metaspace       used 59959K, committed 60416K, reserved 1105920K
  class space    used 7927K, committed 8128K, reserved 1048576K
}
Event: 7.327 GC heap before
{Heap before GC invocations=16 (full 0):
 garbage-first heap   total 110592K, used 82003K [0x00000006e0000000, 0x0000000800000000)
  region size 4096K, 8 young (32768K), 1 survivors (4096K)
 Metaspace       used 62752K, committed 63232K, reserved 1105920K
  class space    used 8300K, committed 8512K, reserved 1048576K
}
Event: 7.334 GC heap after
{Heap after GC invocations=17 (full 0):
 garbage-first heap   total 110592K, used 61589K [0x00000006e0000000, 0x0000000800000000)
  region size 4096K, 1 young (4096K), 1 survivors (4096K)
 Metaspace       used 62752K, committed 63232K, reserved 1105920K
  class space    used 8300K, committed 8512K, reserved 1048576K
}
Event: 7.440 GC heap before
{Heap before GC invocations=17 (full 0):
 garbage-first heap   total 110592K, used 65685K [0x00000006e0000000, 0x0000000800000000)
  region size 4096K, 2 young (8192K), 1 survivors (4096K)
 Metaspace       used 63270K, committed 63872K, reserved 1105920K
  class space    used 8382K, committed 8640K, reserved 1048576K
}
Event: 7.444 GC heap after
{Heap after GC invocations=18 (full 0):
 garbage-first heap   total 110592K, used 61521K [0x00000006e0000000, 0x0000000800000000)
  region size 4096K, 1 young (4096K), 1 survivors (4096K)
 Metaspace       used 63270K, committed 63872K, reserved 1105920K
  class space    used 8382K, committed 8640K, reserved 1048576K
}
Event: 7.836 GC heap before
{Heap before GC invocations=18 (full 0):
 garbage-first heap   total 110592K, used 77905K [0x00000006e0000000, 0x0000000800000000)
  region size 4096K, 5 young (20480K), 1 survivors (4096K)
 Metaspace       used 65059K, committed 65600K, reserved 1105920K
  class space    used 8589K, committed 8832K, reserved 1048576K
}
Event: 7.838 GC heap after
{Heap after GC invocations=19 (full 0):
 garbage-first heap   total 135168K, used 62402K [0x00000006e0000000, 0x0000000800000000)
  region size 4096K, 1 young (4096K), 1 survivors (4096K)
 Metaspace       used 65059K, committed 65600K, reserved 1105920K
  class space    used 8589K, committed 8832K, reserved 1048576K
}
Event: 8.782 GC heap before
{Heap before GC invocations=20 (full 0):
 garbage-first heap   total 135168K, used 99266K [0x00000006e0000000, 0x0000000800000000)
  region size 4096K, 10 young (40960K), 1 survivors (4096K)
 Metaspace       used 68403K, committed 68928K, reserved 1114112K
  class space    used 9009K, committed 9280K, reserved 1048576K
}
Event: 8.788 GC heap after
{Heap after GC invocations=21 (full 0):
 garbage-first heap   total 135168K, used 65009K [0x00000006e0000000, 0x0000000800000000)
  region size 4096K, 1 young (4096K), 1 survivors (4096K)
 Metaspace       used 68403K, committed 68928K, reserved 1114112K
  class space    used 9009K, committed 9280K, reserved 1048576K
}
Event: 9.441 GC heap before
{Heap before GC invocations=21 (full 0):
 garbage-first heap   total 135168K, used 101873K [0x00000006e0000000, 0x0000000800000000)
  region size 4096K, 10 young (40960K), 1 survivors (4096K)
 Metaspace       used 71159K, committed 71744K, reserved 1114112K
  class space    used 9393K, committed 9664K, reserved 1048576K
}
Event: 9.451 GC heap after
{Heap after GC invocations=22 (full 0):
 garbage-first heap   total 135168K, used 67786K [0x00000006e0000000, 0x0000000800000000)
  region size 4096K, 2 young (8192K), 2 survivors (8192K)
 Metaspace       used 71159K, committed 71744K, reserved 1114112K
  class space    used 9393K, committed 9664K, reserved 1048576K
}

